  pch.cpp
  dllmain.cpp
  animal.cpp
C:\Users\ritik\Downloads\MultipleSolutions\DLL\src\animal.h(48,57): warning C4290: C++ exception specification ignored except to indicate a function is not __declspec(nothrow)
C:\Users\ritik\Downloads\MultipleSolutions\DLL\src\animal.h(49,54): warning C4290: C++ exception specification ignored except to indicate a function is not __declspec(nothrow)
C:\Users\ritik\Downloads\MultipleSolutions\DLL\src\animal.h(50,57): warning C4290: C++ exception specification ignored except to indicate a function is not __declspec(nothrow)
C:\Users\ritik\Downloads\MultipleSolutions\DLL\src\myLinkedList.h(39,1): warning C4290: C++ exception specification ignored except to indicate a function is not __declspec(nothrow)
C:\Users\ritik\Downloads\MultipleSolutions\DLL\src\myLinkedList.h(48): message : see reference to class template instantiation 'MyLinkedList<T>' being compiled
C:\Users\ritik\Downloads\MultipleSolutions\DLL\src\myLinkedList.h(47,1): warning C4290: C++ exception specification ignored except to indicate a function is not __declspec(nothrow)
C:\Users\ritik\Downloads\MultipleSolutions\DLL\src\myLinkedList.h(96,1): warning C4290: C++ exception specification ignored except to indicate a function is not __declspec(nothrow)
C:\Users\ritik\Downloads\MultipleSolutions\DLL\src\myLinkedList.h(171,1): warning C4290: C++ exception specification ignored except to indicate a function is not __declspec(nothrow)
C:\Users\ritik\Downloads\MultipleSolutions\DLL\src\area.h(29,73): warning C4290: C++ exception specification ignored except to indicate a function is not __declspec(nothrow)
C:\Users\ritik\Downloads\MultipleSolutions\DLL\src\area.h(30,73): warning C4290: C++ exception specification ignored except to indicate a function is not __declspec(nothrow)
C:\Users\ritik\Downloads\MultipleSolutions\DLL\src\area.h(54,53): warning C4290: C++ exception specification ignored except to indicate a function is not __declspec(nothrow)
C:\Users\ritik\Downloads\MultipleSolutions\DLL\src\area.h(56,53): warning C4290: C++ exception specification ignored except to indicate a function is not __declspec(nothrow)
C:\Users\ritik\Downloads\MultipleSolutions\DLL\src\animal.cpp(4,61): warning C4290: C++ exception specification ignored except to indicate a function is not __declspec(nothrow)
C:\Users\ritik\Downloads\MultipleSolutions\DLL\src\animal.cpp(12,60): warning C4290: C++ exception specification ignored except to indicate a function is not __declspec(nothrow)
C:\Users\ritik\Downloads\MultipleSolutions\DLL\src\animal.cpp(20,61): warning C4290: C++ exception specification ignored except to indicate a function is not __declspec(nothrow)
  area.cpp
C:\Users\ritik\Downloads\MultipleSolutions\DLL\src\animal.h(48,57): warning C4290: C++ exception specification ignored except to indicate a function is not __declspec(nothrow)
C:\Users\ritik\Downloads\MultipleSolutions\DLL\src\animal.h(49,54): warning C4290: C++ exception specification ignored except to indicate a function is not __declspec(nothrow)
C:\Users\ritik\Downloads\MultipleSolutions\DLL\src\animal.h(50,57): warning C4290: C++ exception specification ignored except to indicate a function is not __declspec(nothrow)
C:\Users\ritik\Downloads\MultipleSolutions\DLL\src\myLinkedList.h(39,1): warning C4290: C++ exception specification ignored except to indicate a function is not __declspec(nothrow)
C:\Users\ritik\Downloads\MultipleSolutions\DLL\src\myLinkedList.h(48): message : see reference to class template instantiation 'MyLinkedList<T>' being compiled
C:\Users\ritik\Downloads\MultipleSolutions\DLL\src\myLinkedList.h(47,1): warning C4290: C++ exception specification ignored except to indicate a function is not __declspec(nothrow)
C:\Users\ritik\Downloads\MultipleSolutions\DLL\src\myLinkedList.h(96,1): warning C4290: C++ exception specification ignored except to indicate a function is not __declspec(nothrow)
C:\Users\ritik\Downloads\MultipleSolutions\DLL\src\myLinkedList.h(171,1): warning C4290: C++ exception specification ignored except to indicate a function is not __declspec(nothrow)
C:\Users\ritik\Downloads\MultipleSolutions\DLL\src\area.h(29,73): warning C4290: C++ exception specification ignored except to indicate a function is not __declspec(nothrow)
C:\Users\ritik\Downloads\MultipleSolutions\DLL\src\area.h(30,73): warning C4290: C++ exception specification ignored except to indicate a function is not __declspec(nothrow)
C:\Users\ritik\Downloads\MultipleSolutions\DLL\src\area.h(54,53): warning C4290: C++ exception specification ignored except to indicate a function is not __declspec(nothrow)
C:\Users\ritik\Downloads\MultipleSolutions\DLL\src\area.h(56,53): warning C4290: C++ exception specification ignored except to indicate a function is not __declspec(nothrow)
C:\Users\ritik\Downloads\MultipleSolutions\DLL\src\worker.h(30,54): warning C4290: C++ exception specification ignored except to indicate a function is not __declspec(nothrow)
C:\Users\ritik\Downloads\MultipleSolutions\DLL\src\worker.h(35,52): warning C4290: C++ exception specification ignored except to indicate a function is not __declspec(nothrow)
C:\Users\ritik\Downloads\MultipleSolutions\DLL\src\areaManager.h(11,71): warning C4290: C++ exception specification ignored except to indicate a function is not __declspec(nothrow)
C:\Users\ritik\Downloads\MultipleSolutions\DLL\src\area.cpp(15,77): warning C4290: C++ exception specification ignored except to indicate a function is not __declspec(nothrow)
C:\Users\ritik\Downloads\MultipleSolutions\DLL\src\area.cpp(23,77): warning C4290: C++ exception specification ignored except to indicate a function is not __declspec(nothrow)
C:\Users\ritik\Downloads\MultipleSolutions\DLL\src\area.cpp(60,26): warning C4267: 'return': conversion from 'size_t' to 'int', possible loss of data
C:\Users\ritik\Downloads\MultipleSolutions\DLL\src\area.cpp(85,57): warning C4290: C++ exception specification ignored except to indicate a function is not __declspec(nothrow)
C:\Users\ritik\Downloads\MultipleSolutions\DLL\src\area.cpp(98,57): warning C4290: C++ exception specification ignored except to indicate a function is not __declspec(nothrow)
  areaManager.cpp
C:\Users\ritik\Downloads\MultipleSolutions\DLL\src\worker.h(30,54): warning C4290: C++ exception specification ignored except to indicate a function is not __declspec(nothrow)
C:\Users\ritik\Downloads\MultipleSolutions\DLL\src\worker.h(35,52): warning C4290: C++ exception specification ignored except to indicate a function is not __declspec(nothrow)
C:\Users\ritik\Downloads\MultipleSolutions\DLL\src\areaManager.h(11,71): warning C4290: C++ exception specification ignored except to indicate a function is not __declspec(nothrow)
C:\Users\ritik\Downloads\MultipleSolutions\DLL\src\areaManager.cpp(9,82): warning C4290: C++ exception specification ignored except to indicate a function is not __declspec(nothrow)
  elephant.cpp
C:\Users\ritik\Downloads\MultipleSolutions\DLL\src\animal.h(48,57): warning C4290: C++ exception specification ignored except to indicate a function is not __declspec(nothrow)
C:\Users\ritik\Downloads\MultipleSolutions\DLL\src\animal.h(49,54): warning C4290: C++ exception specification ignored except to indicate a function is not __declspec(nothrow)
C:\Users\ritik\Downloads\MultipleSolutions\DLL\src\animal.h(50,57): warning C4290: C++ exception specification ignored except to indicate a function is not __declspec(nothrow)
C:\Users\ritik\Downloads\MultipleSolutions\DLL\src\myLinkedList.h(39,1): warning C4290: C++ exception specification ignored except to indicate a function is not __declspec(nothrow)
C:\Users\ritik\Downloads\MultipleSolutions\DLL\src\myLinkedList.h(48): message : see reference to class template instantiation 'MyLinkedList<T>' being compiled
C:\Users\ritik\Downloads\MultipleSolutions\DLL\src\myLinkedList.h(47,1): warning C4290: C++ exception specification ignored except to indicate a function is not __declspec(nothrow)
C:\Users\ritik\Downloads\MultipleSolutions\DLL\src\myLinkedList.h(96,1): warning C4290: C++ exception specification ignored except to indicate a function is not __declspec(nothrow)
C:\Users\ritik\Downloads\MultipleSolutions\DLL\src\myLinkedList.h(171,1): warning C4290: C++ exception specification ignored except to indicate a function is not __declspec(nothrow)
C:\Users\ritik\Downloads\MultipleSolutions\DLL\src\area.h(29,73): warning C4290: C++ exception specification ignored except to indicate a function is not __declspec(nothrow)
C:\Users\ritik\Downloads\MultipleSolutions\DLL\src\area.h(30,73): warning C4290: C++ exception specification ignored except to indicate a function is not __declspec(nothrow)
C:\Users\ritik\Downloads\MultipleSolutions\DLL\src\area.h(54,53): warning C4290: C++ exception specification ignored except to indicate a function is not __declspec(nothrow)
C:\Users\ritik\Downloads\MultipleSolutions\DLL\src\area.h(56,53): warning C4290: C++ exception specification ignored except to indicate a function is not __declspec(nothrow)
C:\Users\ritik\Downloads\MultipleSolutions\DLL\src\elephant.h(14,61): warning C4290: C++ exception specification ignored except to indicate a function is not __declspec(nothrow)
C:\Users\ritik\Downloads\MultipleSolutions\DLL\src\elephant.h(15,66): warning C4290: C++ exception specification ignored except to indicate a function is not __declspec(nothrow)
C:\Users\ritik\Downloads\MultipleSolutions\DLL\src\elephant.cpp(3,67): warning C4290: C++ exception specification ignored except to indicate a function is not __declspec(nothrow)
C:\Users\ritik\Downloads\MultipleSolutions\DLL\src\elephant.cpp(11,73): warning C4290: C++ exception specification ignored except to indicate a function is not __declspec(nothrow)
  giraffe.cpp
C:\Users\ritik\Downloads\MultipleSolutions\DLL\src\animal.h(48,57): warning C4290: C++ exception specification ignored except to indicate a function is not __declspec(nothrow)
C:\Users\ritik\Downloads\MultipleSolutions\DLL\src\animal.h(49,54): warning C4290: C++ exception specification ignored except to indicate a function is not __declspec(nothrow)
C:\Users\ritik\Downloads\MultipleSolutions\DLL\src\animal.h(50,57): warning C4290: C++ exception specification ignored except to indicate a function is not __declspec(nothrow)
C:\Users\ritik\Downloads\MultipleSolutions\DLL\src\giraffe.h(12,63): warning C4290: C++ exception specification ignored except to indicate a function is not __declspec(nothrow)
C:\Users\ritik\Downloads\MultipleSolutions\DLL\src\giraffe.cpp(7,70): warning C4290: C++ exception specification ignored except to indicate a function is not __declspec(nothrow)
  horse.cpp
C:\Users\ritik\Downloads\MultipleSolutions\DLL\src\animal.h(48,57): warning C4290: C++ exception specification ignored except to indicate a function is not __declspec(nothrow)
C:\Users\ritik\Downloads\MultipleSolutions\DLL\src\animal.h(49,54): warning C4290: C++ exception specification ignored except to indicate a function is not __declspec(nothrow)
C:\Users\ritik\Downloads\MultipleSolutions\DLL\src\animal.h(50,57): warning C4290: C++ exception specification ignored except to indicate a function is not __declspec(nothrow)
C:\Users\ritik\Downloads\MultipleSolutions\DLL\src\horse.h(12,69): warning C4290: C++ exception specification ignored except to indicate a function is not __declspec(nothrow)
C:\Users\ritik\Downloads\MultipleSolutions\DLL\src\horse.cpp(7,74): warning C4290: C++ exception specification ignored except to indicate a function is not __declspec(nothrow)
  keeper.cpp
C:\Users\ritik\Downloads\MultipleSolutions\DLL\src\worker.h(30,54): warning C4290: C++ exception specification ignored except to indicate a function is not __declspec(nothrow)
C:\Users\ritik\Downloads\MultipleSolutions\DLL\src\worker.h(35,52): warning C4290: C++ exception specification ignored except to indicate a function is not __declspec(nothrow)
C:\Users\ritik\Downloads\MultipleSolutions\DLL\src\animal.h(48,57): warning C4290: C++ exception specification ignored except to indicate a function is not __declspec(nothrow)
C:\Users\ritik\Downloads\MultipleSolutions\DLL\src\animal.h(49,54): warning C4290: C++ exception specification ignored except to indicate a function is not __declspec(nothrow)
C:\Users\ritik\Downloads\MultipleSolutions\DLL\src\animal.h(50,57): warning C4290: C++ exception specification ignored except to indicate a function is not __declspec(nothrow)
  lion.cpp
C:\Users\ritik\Downloads\MultipleSolutions\DLL\src\animal.h(48,57): warning C4290: C++ exception specification ignored except to indicate a function is not __declspec(nothrow)
C:\Users\ritik\Downloads\MultipleSolutions\DLL\src\animal.h(49,54): warning C4290: C++ exception specification ignored except to indicate a function is not __declspec(nothrow)
C:\Users\ritik\Downloads\MultipleSolutions\DLL\src\animal.h(50,57): warning C4290: C++ exception specification ignored except to indicate a function is not __declspec(nothrow)
  maintenanceWorker.cpp
C:\Users\ritik\Downloads\MultipleSolutions\DLL\src\worker.h(30,54): warning C4290: C++ exception specification ignored except to indicate a function is not __declspec(nothrow)
C:\Users\ritik\Downloads\MultipleSolutions\DLL\src\worker.h(35,52): warning C4290: C++ exception specification ignored except to indicate a function is not __declspec(nothrow)
C:\Users\ritik\Downloads\MultipleSolutions\DLL\src\maintenanceWorker.h(18,55): warning C4290: C++ exception specification ignored except to indicate a function is not __declspec(nothrow)
C:\Users\ritik\Downloads\MultipleSolutions\DLL\src\maintenanceWorker.cpp(14,72): warning C4290: C++ exception specification ignored except to indicate a function is not __declspec(nothrow)
  penguin.cpp
C:\Users\ritik\Downloads\MultipleSolutions\DLL\src\animal.h(48,57): warning C4290: C++ exception specification ignored except to indicate a function is not __declspec(nothrow)
C:\Users\ritik\Downloads\MultipleSolutions\DLL\src\animal.h(49,54): warning C4290: C++ exception specification ignored except to indicate a function is not __declspec(nothrow)
C:\Users\ritik\Downloads\MultipleSolutions\DLL\src\animal.h(50,57): warning C4290: C++ exception specification ignored except to indicate a function is not __declspec(nothrow)
  veterinarian.cpp
C:\Users\ritik\Downloads\MultipleSolutions\DLL\src\worker.h(30,54): warning C4290: C++ exception specification ignored except to indicate a function is not __declspec(nothrow)
C:\Users\ritik\Downloads\MultipleSolutions\DLL\src\worker.h(35,52): warning C4290: C++ exception specification ignored except to indicate a function is not __declspec(nothrow)
C:\Users\ritik\Downloads\MultipleSolutions\DLL\src\veterinarian.h(11,63): warning C4290: C++ exception specification ignored except to indicate a function is not __declspec(nothrow)
C:\Users\ritik\Downloads\MultipleSolutions\DLL\src\veterinarian.cpp(9,75): warning C4290: C++ exception specification ignored except to indicate a function is not __declspec(nothrow)
  worker.cpp
C:\Users\ritik\Downloads\MultipleSolutions\DLL\src\worker.h(30,54): warning C4290: C++ exception specification ignored except to indicate a function is not __declspec(nothrow)
C:\Users\ritik\Downloads\MultipleSolutions\DLL\src\worker.h(35,52): warning C4290: C++ exception specification ignored except to indicate a function is not __declspec(nothrow)
C:\Users\ritik\Downloads\MultipleSolutions\DLL\src\animal.h(48,57): warning C4290: C++ exception specification ignored except to indicate a function is not __declspec(nothrow)
C:\Users\ritik\Downloads\MultipleSolutions\DLL\src\animal.h(49,54): warning C4290: C++ exception specification ignored except to indicate a function is not __declspec(nothrow)
C:\Users\ritik\Downloads\MultipleSolutions\DLL\src\animal.h(50,57): warning C4290: C++ exception specification ignored except to indicate a function is not __declspec(nothrow)
C:\Users\ritik\Downloads\MultipleSolutions\DLL\src\myLinkedList.h(39,1): warning C4290: C++ exception specification ignored except to indicate a function is not __declspec(nothrow)
C:\Users\ritik\Downloads\MultipleSolutions\DLL\src\myLinkedList.h(48): message : see reference to class template instantiation 'MyLinkedList<T>' being compiled
C:\Users\ritik\Downloads\MultipleSolutions\DLL\src\myLinkedList.h(47,1): warning C4290: C++ exception specification ignored except to indicate a function is not __declspec(nothrow)
C:\Users\ritik\Downloads\MultipleSolutions\DLL\src\myLinkedList.h(96,1): warning C4290: C++ exception specification ignored except to indicate a function is not __declspec(nothrow)
C:\Users\ritik\Downloads\MultipleSolutions\DLL\src\myLinkedList.h(171,1): warning C4290: C++ exception specification ignored except to indicate a function is not __declspec(nothrow)
C:\Users\ritik\Downloads\MultipleSolutions\DLL\src\area.h(29,73): warning C4290: C++ exception specification ignored except to indicate a function is not __declspec(nothrow)
C:\Users\ritik\Downloads\MultipleSolutions\DLL\src\area.h(30,73): warning C4290: C++ exception specification ignored except to indicate a function is not __declspec(nothrow)
C:\Users\ritik\Downloads\MultipleSolutions\DLL\src\area.h(54,53): warning C4290: C++ exception specification ignored except to indicate a function is not __declspec(nothrow)
C:\Users\ritik\Downloads\MultipleSolutions\DLL\src\area.h(56,53): warning C4290: C++ exception specification ignored except to indicate a function is not __declspec(nothrow)
C:\Users\ritik\Downloads\MultipleSolutions\DLL\src\worker.cpp(34,55): warning C4290: C++ exception specification ignored except to indicate a function is not __declspec(nothrow)
C:\Users\ritik\Downloads\MultipleSolutions\DLL\src\worker.cpp(72,61): warning C4290: C++ exception specification ignored except to indicate a function is not __declspec(nothrow)
  zebra.cpp
C:\Users\ritik\Downloads\MultipleSolutions\DLL\src\animal.h(48,57): warning C4290: C++ exception specification ignored except to indicate a function is not __declspec(nothrow)
C:\Users\ritik\Downloads\MultipleSolutions\DLL\src\animal.h(49,54): warning C4290: C++ exception specification ignored except to indicate a function is not __declspec(nothrow)
C:\Users\ritik\Downloads\MultipleSolutions\DLL\src\animal.h(50,57): warning C4290: C++ exception specification ignored except to indicate a function is not __declspec(nothrow)
C:\Users\ritik\Downloads\MultipleSolutions\DLL\src\zebra.h(11,61): warning C4290: C++ exception specification ignored except to indicate a function is not __declspec(nothrow)
C:\Users\ritik\Downloads\MultipleSolutions\DLL\src\zebra.cpp(3,66): warning C4290: C++ exception specification ignored except to indicate a function is not __declspec(nothrow)
  zebroid.cpp
C:\Users\ritik\Downloads\MultipleSolutions\DLL\src\animal.h(48,57): warning C4290: C++ exception specification ignored except to indicate a function is not __declspec(nothrow)
C:\Users\ritik\Downloads\MultipleSolutions\DLL\src\animal.h(49,54): warning C4290: C++ exception specification ignored except to indicate a function is not __declspec(nothrow)
C:\Users\ritik\Downloads\MultipleSolutions\DLL\src\animal.h(50,57): warning C4290: C++ exception specification ignored except to indicate a function is not __declspec(nothrow)
C:\Users\ritik\Downloads\MultipleSolutions\DLL\src\horse.h(12,69): warning C4290: C++ exception specification ignored except to indicate a function is not __declspec(nothrow)
C:\Users\ritik\Downloads\MultipleSolutions\DLL\src\zebra.h(11,61): warning C4290: C++ exception specification ignored except to indicate a function is not __declspec(nothrow)
  zoo.cpp
C:\Users\ritik\Downloads\MultipleSolutions\DLL\src\worker.h(30,54): warning C4290: C++ exception specification ignored except to indicate a function is not __declspec(nothrow)
C:\Users\ritik\Downloads\MultipleSolutions\DLL\src\worker.h(35,52): warning C4290: C++ exception specification ignored except to indicate a function is not __declspec(nothrow)
C:\Users\ritik\Downloads\MultipleSolutions\DLL\src\animal.h(48,57): warning C4290: C++ exception specification ignored except to indicate a function is not __declspec(nothrow)
C:\Users\ritik\Downloads\MultipleSolutions\DLL\src\animal.h(49,54): warning C4290: C++ exception specification ignored except to indicate a function is not __declspec(nothrow)
C:\Users\ritik\Downloads\MultipleSolutions\DLL\src\animal.h(50,57): warning C4290: C++ exception specification ignored except to indicate a function is not __declspec(nothrow)
C:\Users\ritik\Downloads\MultipleSolutions\DLL\src\myLinkedList.h(39,1): warning C4290: C++ exception specification ignored except to indicate a function is not __declspec(nothrow)
C:\Users\ritik\Downloads\MultipleSolutions\DLL\src\myLinkedList.h(48): message : see reference to class template instantiation 'MyLinkedList<T>' being compiled
C:\Users\ritik\Downloads\MultipleSolutions\DLL\src\myLinkedList.h(47,1): warning C4290: C++ exception specification ignored except to indicate a function is not __declspec(nothrow)
C:\Users\ritik\Downloads\MultipleSolutions\DLL\src\myLinkedList.h(96,1): warning C4290: C++ exception specification ignored except to indicate a function is not __declspec(nothrow)
C:\Users\ritik\Downloads\MultipleSolutions\DLL\src\myLinkedList.h(171,1): warning C4290: C++ exception specification ignored except to indicate a function is not __declspec(nothrow)
C:\Users\ritik\Downloads\MultipleSolutions\DLL\src\area.h(29,73): warning C4290: C++ exception specification ignored except to indicate a function is not __declspec(nothrow)
C:\Users\ritik\Downloads\MultipleSolutions\DLL\src\area.h(30,73): warning C4290: C++ exception specification ignored except to indicate a function is not __declspec(nothrow)
C:\Users\ritik\Downloads\MultipleSolutions\DLL\src\area.h(54,53): warning C4290: C++ exception specification ignored except to indicate a function is not __declspec(nothrow)
C:\Users\ritik\Downloads\MultipleSolutions\DLL\src\area.h(56,53): warning C4290: C++ exception specification ignored except to indicate a function is not __declspec(nothrow)
C:\Users\ritik\Downloads\MultipleSolutions\DLL\src\zoo.h(18,64): warning C4290: C++ exception specification ignored except to indicate a function is not __declspec(nothrow)
C:\Users\ritik\Downloads\MultipleSolutions\DLL\src\zoo.h(19,57): warning C4290: C++ exception specification ignored except to indicate a function is not __declspec(nothrow)
C:\Users\ritik\Downloads\MultipleSolutions\DLL\src\zoo.h(41,48): warning C4290: C++ exception specification ignored except to indicate a function is not __declspec(nothrow)
C:\Users\ritik\Downloads\MultipleSolutions\DLL\src\zoo.h(43,66): warning C4290: C++ exception specification ignored except to indicate a function is not __declspec(nothrow)
C:\Users\ritik\Downloads\MultipleSolutions\DLL\src\zoo.h(45,66): warning C4290: C++ exception specification ignored except to indicate a function is not __declspec(nothrow)
C:\Users\ritik\Downloads\MultipleSolutions\DLL\src\zoo.h(53,64): warning C4290: C++ exception specification ignored except to indicate a function is not __declspec(nothrow)
C:\Users\ritik\Downloads\MultipleSolutions\DLL\src\zoo.cpp(26,24): warning C4267: 'return': conversion from 'size_t' to 'int', possible loss of data
C:\Users\ritik\Downloads\MultipleSolutions\DLL\src\zoo.cpp(34,50): warning C4290: C++ exception specification ignored except to indicate a function is not __declspec(nothrow)
C:\Users\ritik\Downloads\MultipleSolutions\DLL\src\zoo.cpp(43,68): warning C4290: C++ exception specification ignored except to indicate a function is not __declspec(nothrow)
C:\Users\ritik\Downloads\MultipleSolutions\DLL\src\zoo.cpp(53,68): warning C4290: C++ exception specification ignored except to indicate a function is not __declspec(nothrow)
C:\Users\ritik\Downloads\MultipleSolutions\DLL\src\zoo.cpp(73,66): warning C4290: C++ exception specification ignored except to indicate a function is not __declspec(nothrow)
C:\Users\ritik\Downloads\MultipleSolutions\DLL\src\zoo.cpp(83,58): warning C4290: C++ exception specification ignored except to indicate a function is not __declspec(nothrow)
C:\Users\ritik\Downloads\MultipleSolutions\DLL\src\zoo.cpp(99,65): warning C4290: C++ exception specification ignored except to indicate a function is not __declspec(nothrow)
  zooManager.cpp
C:\Users\ritik\Downloads\MultipleSolutions\DLL\src\worker.h(30,54): warning C4290: C++ exception specification ignored except to indicate a function is not __declspec(nothrow)
C:\Users\ritik\Downloads\MultipleSolutions\DLL\src\worker.h(35,52): warning C4290: C++ exception specification ignored except to indicate a function is not __declspec(nothrow)
C:\Users\ritik\Downloads\MultipleSolutions\DLL\src\animal.h(48,57): warning C4290: C++ exception specification ignored except to indicate a function is not __declspec(nothrow)
C:\Users\ritik\Downloads\MultipleSolutions\DLL\src\animal.h(49,54): warning C4290: C++ exception specification ignored except to indicate a function is not __declspec(nothrow)
C:\Users\ritik\Downloads\MultipleSolutions\DLL\src\animal.h(50,57): warning C4290: C++ exception specification ignored except to indicate a function is not __declspec(nothrow)
C:\Users\ritik\Downloads\MultipleSolutions\DLL\src\myLinkedList.h(39,1): warning C4290: C++ exception specification ignored except to indicate a function is not __declspec(nothrow)
C:\Users\ritik\Downloads\MultipleSolutions\DLL\src\myLinkedList.h(48): message : see reference to class template instantiation 'MyLinkedList<T>' being compiled
C:\Users\ritik\Downloads\MultipleSolutions\DLL\src\myLinkedList.h(47,1): warning C4290: C++ exception specification ignored except to indicate a function is not __declspec(nothrow)
C:\Users\ritik\Downloads\MultipleSolutions\DLL\src\myLinkedList.h(96,1): warning C4290: C++ exception specification ignored except to indicate a function is not __declspec(nothrow)
C:\Users\ritik\Downloads\MultipleSolutions\DLL\src\myLinkedList.h(171,1): warning C4290: C++ exception specification ignored except to indicate a function is not __declspec(nothrow)
C:\Users\ritik\Downloads\MultipleSolutions\DLL\src\area.h(29,73): warning C4290: C++ exception specification ignored except to indicate a function is not __declspec(nothrow)
C:\Users\ritik\Downloads\MultipleSolutions\DLL\src\area.h(30,73): warning C4290: C++ exception specification ignored except to indicate a function is not __declspec(nothrow)
C:\Users\ritik\Downloads\MultipleSolutions\DLL\src\area.h(54,53): warning C4290: C++ exception specification ignored except to indicate a function is not __declspec(nothrow)
C:\Users\ritik\Downloads\MultipleSolutions\DLL\src\area.h(56,53): warning C4290: C++ exception specification ignored except to indicate a function is not __declspec(nothrow)
C:\Users\ritik\Downloads\MultipleSolutions\DLL\src\zoo.h(18,64): warning C4290: C++ exception specification ignored except to indicate a function is not __declspec(nothrow)
C:\Users\ritik\Downloads\MultipleSolutions\DLL\src\zoo.h(19,57): warning C4290: C++ exception specification ignored except to indicate a function is not __declspec(nothrow)
C:\Users\ritik\Downloads\MultipleSolutions\DLL\src\zoo.h(41,48): warning C4290: C++ exception specification ignored except to indicate a function is not __declspec(nothrow)
C:\Users\ritik\Downloads\MultipleSolutions\DLL\src\zoo.h(43,66): warning C4290: C++ exception specification ignored except to indicate a function is not __declspec(nothrow)
C:\Users\ritik\Downloads\MultipleSolutions\DLL\src\zoo.h(45,66): warning C4290: C++ exception specification ignored except to indicate a function is not __declspec(nothrow)
C:\Users\ritik\Downloads\MultipleSolutions\DLL\src\zoo.h(53,64): warning C4290: C++ exception specification ignored except to indicate a function is not __declspec(nothrow)
C:\Users\ritik\Downloads\MultipleSolutions\DLL\src\veterinarian.h(11,63): warning C4290: C++ exception specification ignored except to indicate a function is not __declspec(nothrow)
C:\Users\ritik\Downloads\MultipleSolutions\DLL\src\areaManager.h(11,71): warning C4290: C++ exception specification ignored except to indicate a function is not __declspec(nothrow)
C:\Users\ritik\Downloads\MultipleSolutions\DLL\src\maintenanceWorker.h(18,55): warning C4290: C++ exception specification ignored except to indicate a function is not __declspec(nothrow)
C:\Users\ritik\Downloads\MultipleSolutions\DLL\src\elephant.h(14,61): warning C4290: C++ exception specification ignored except to indicate a function is not __declspec(nothrow)
C:\Users\ritik\Downloads\MultipleSolutions\DLL\src\elephant.h(15,66): warning C4290: C++ exception specification ignored except to indicate a function is not __declspec(nothrow)
C:\Users\ritik\Downloads\MultipleSolutions\DLL\src\giraffe.h(12,63): warning C4290: C++ exception specification ignored except to indicate a function is not __declspec(nothrow)
C:\Users\ritik\Downloads\MultipleSolutions\DLL\src\horse.h(12,69): warning C4290: C++ exception specification ignored except to indicate a function is not __declspec(nothrow)
C:\Users\ritik\Downloads\MultipleSolutions\DLL\src\zebra.h(11,61): warning C4290: C++ exception specification ignored except to indicate a function is not __declspec(nothrow)
  Generating code
  Previous IPDB not found, fall back to full compilation.
C:\Users\ritik\Downloads\MultipleSolutions\DLL\src\keeper.cpp(20): warning C4172: returning address of local variable or temporary
C:\Users\ritik\Downloads\MultipleSolutions\DLL\src\zebroid.cpp(34): warning C4172: returning address of local variable or temporary
C:\Users\ritik\Downloads\MultipleSolutions\DLL\src\zebra.cpp(27): warning C4172: returning address of local variable or temporary
C:\Users\ritik\Downloads\MultipleSolutions\DLL\src\penguin.cpp(19): warning C4172: returning address of local variable or temporary
C:\Users\ritik\Downloads\MultipleSolutions\DLL\src\veterinarian.cpp(30): warning C4172: returning address of local variable or temporary
C:\Users\ritik\Downloads\MultipleSolutions\DLL\src\horse.cpp(33): warning C4172: returning address of local variable or temporary
C:\Users\ritik\Downloads\MultipleSolutions\DLL\src\elephant.cpp(44): warning C4172: returning address of local variable or temporary
C:\Users\ritik\Downloads\MultipleSolutions\DLL\src\areaManager.cpp(30): warning C4172: returning address of local variable or temporary
  All 653 functions were compiled because no usable IPDB/IOBJ from previous compilation was found.
  Finished generating code
  DLL.vcxproj -> C:\Users\ritik\Downloads\MultipleSolutions\x64\Release\DLL.dll
